mode: set
api/features/book/services/service.go:18.44,23.2 1 1
api/features/book/services/service.go:25.81,27.17 2 1
api/features/book/services/service.go:31.2,32.16 2 1
api/features/book/services/service.go:39.2,40.16 2 1
api/features/book/services/service.go:49.2,51.17 2 1
api/features/book/services/service.go:27.17,29.3 1 1
api/features/book/services/service.go:32.16,33.59 1 0
api/features/book/services/service.go:36.3,36.74 1 0
api/features/book/services/service.go:33.59,35.4 1 0
api/features/book/services/service.go:40.16,42.49 2 1
api/features/book/services/service.go:47.3,47.38 1 1
api/features/book/services/service.go:42.49,44.4 1 1
api/features/book/services/service.go:44.9,46.4 1 1
api/features/book/services/service.go:54.101,57.13 2 1
api/features/book/services/service.go:61.2,63.16 2 1
api/features/book/services/service.go:76.2,79.17 3 1
api/features/book/services/service.go:57.13,59.3 1 1
api/features/book/services/service.go:63.16,66.49 2 1
api/features/book/services/service.go:73.3,73.38 1 1
api/features/book/services/service.go:66.49,68.4 1 1
api/features/book/services/service.go:68.9,68.59 1 1
api/features/book/services/service.go:68.59,70.4 1 0
api/features/book/services/service.go:70.9,72.4 1 1
api/features/book/services/service.go:83.65,86.13 2 1
api/features/book/services/service.go:90.2,92.16 2 1
api/features/book/services/service.go:97.2,97.12 1 1
api/features/book/services/service.go:86.13,88.3 1 1
api/features/book/services/service.go:92.16,95.3 2 1
api/features/user/services/service.go:21.45,26.2 1 1
api/features/user/services/service.go:28.82,30.16 2 1
api/features/user/services/service.go:40.2,40.94 1 1
api/features/user/services/service.go:45.2,52.27 6 1
api/features/user/services/service.go:30.16,32.49 2 0
api/features/user/services/service.go:37.3,37.42 1 0
api/features/user/services/service.go:32.49,34.4 1 0
api/features/user/services/service.go:34.9,36.4 1 0
api/features/user/services/service.go:40.94,43.3 2 1
api/features/user/services/service.go:55.72,58.16 2 1
api/features/user/services/service.go:62.2,65.16 3 1
api/features/user/services/service.go:75.2,75.17 1 1
api/features/user/services/service.go:58.16,61.3 2 0
api/features/user/services/service.go:65.16,67.50 2 1
api/features/user/services/service.go:72.3,72.38 1 1
api/features/user/services/service.go:67.50,69.4 1 1
api/features/user/services/service.go:69.9,71.4 1 1
api/features/user/services/service.go:77.71,79.13 2 1
api/features/user/services/service.go:82.2,83.16 2 1
api/features/user/services/service.go:92.2,92.17 1 1
api/features/user/services/service.go:79.13,81.3 1 1
api/features/user/services/service.go:83.16,85.49 2 1
api/features/user/services/service.go:90.3,90.38 1 1
api/features/user/services/service.go:85.49,87.4 1 1
api/features/user/services/service.go:87.9,89.4 1 1
api/features/user/services/service.go:95.92,98.13 2 1
api/features/user/services/service.go:102.2,104.16 2 1
api/features/user/services/service.go:115.2,115.17 1 1
api/features/user/services/service.go:98.13,100.3 1 1
api/features/user/services/service.go:104.16,106.49 2 1
api/features/user/services/service.go:111.3,111.38 1 1
api/features/user/services/service.go:106.49,108.4 1 1
api/features/user/services/service.go:108.9,110.4 1 1
api/features/user/services/service.go:118.59,121.13 2 1
api/features/user/services/service.go:124.2,126.16 2 1
api/features/user/services/service.go:137.2,137.12 1 1
api/features/user/services/service.go:121.13,123.3 1 1
api/features/user/services/service.go:126.16,128.49 2 1
api/features/user/services/service.go:133.3,133.25 1 1
api/features/user/services/service.go:128.49,130.4 1 1
api/features/user/services/service.go:130.9,132.4 1 1
